<?xml version="1.0" encoding="UTF-8"?>
<testng-results skipped="0" failed="0" total="1" passed="1">
  <reporter-output>
  </reporter-output>
  <suite name="Default suite" duration-ms="50937" started-at="2020-07-23T09:13:32Z" finished-at="2020-07-23T09:14:23Z">
    <groups>
    </groups>
    <test name="Default test" duration-ms="50937" started-at="2020-07-23T09:13:32Z" finished-at="2020-07-23T09:14:23Z">
      <class name="com.poi.selenium.PoiLoginWrite">
        <test-method status="PASS" signature="readTest()[pri:0, instance:com.poi.selenium.PoiLoginWrite@c285f4]" name="readTest" is-config="true" duration-ms="596" started-at="2020-07-23T02:13:32Z" finished-at="2020-07-23T02:13:33Z">
          <reporter-output>
          </reporter-output>
        </test-method> <!-- readTest -->
        <test-method status="PASS" signature="test01()[pri:0, instance:com.poi.selenium.PoiLoginWrite@c285f4]" name="test01" duration-ms="50071" started-at="2020-07-23T02:13:33Z" finished-at="2020-07-23T02:14:23Z">
          <reporter-output>
          </reporter-output>
        </test-method> <!-- test01 -->
        <test-method status="PASS" signature="writeExcel()[pri:0, instance:com.poi.selenium.PoiLoginWrite@c285f4]" name="writeExcel" is-config="true" duration-ms="214" started-at="2020-07-23T02:14:23Z" finished-at="2020-07-23T02:14:23Z">
          <reporter-output>
          </reporter-output>
        </test-method> <!-- writeExcel -->
      </class> <!-- com.poi.selenium.PoiLoginWrite -->
    </test> <!-- Default test -->
  </suite> <!-- Default suite -->
</testng-results>
